[0.013s] Invoking command in '/home/andrew/ros2_dev_ws/src/software_training_assignment/build/software_training_assignment': CMAKE_PREFIX_PATH=/opt/ros/foxy /usr/bin/cmake --build /home/andrew/ros2_dev_ws/src/software_training_assignment/build/software_training_assignment -- -j12 -l12
[0.031s] -- Found ament_cmake: 0.9.9 (/opt/ros/foxy/share/ament_cmake/cmake)
[0.049s] -- Found PythonInterp: /usr/bin/python3 (found suitable version "3.8.10", minimum required is "3") 
[0.049s] -- Using PYTHON_EXECUTABLE: /usr/bin/python3
[0.182s] -- Found rclcpp: 2.4.1 (/opt/ros/foxy/share/rclcpp/cmake)
[0.207s] -- Using all available rosidl_typesupport_c: rosidl_typesupport_fastrtps_c;rosidl_typesupport_introspection_c
[0.210s] -- Found rosidl_adapter: 1.2.1 (/opt/ros/foxy/share/rosidl_adapter/cmake)
[0.320s] -- Using all available rosidl_typesupport_cpp: rosidl_typesupport_fastrtps_cpp;rosidl_typesupport_introspection_cpp
[0.359s] -- Found rmw_implementation_cmake: 1.0.3 (/opt/ros/foxy/share/rmw_implementation_cmake/cmake)
[0.360s] -- Using RMW implementation 'rmw_fastrtps_cpp' as default
[0.473s] CMake Error at CMakeLists.txt:30 (find_package):
[0.473s]   find_package called with invalid argument "rosidl_default_generators"
[0.473s] 
[0.473s] 
[0.493s] -- Found PythonInterp: /usr/bin/python3 (found version "3.8.10") 
[0.623s] CMake Error at /opt/ros/foxy/share/rosidl_adapter/cmake/rosidl_adapt_interfaces.cmake:60 (message):
[0.623s]   execute_process(/usr/bin/python3 -m rosidl_adapter --package-name
[0.624s]   software_training_assignment --arguments-file
[0.624s]   /home/andrew/ros2_dev_ws/src/software_training_assignment/build/software_training_assignment/rosidl_adapter__arguments__software_training_assignment.json
[0.624s]   --output-dir
[0.624s]   /home/andrew/ros2_dev_ws/src/software_training_assignment/build/software_training_assignment/rosidl_adapter/software_training_assignment
[0.624s]   --output-file
[0.624s]   /home/andrew/ros2_dev_ws/src/software_training_assignment/build/software_training_assignment/rosidl_adapter/software_training_assignment.idls)
[0.624s]   returned error code 1:
[0.625s] 
[0.625s]   Error processing 'double waypoint_position_absolute' of
[0.625s]   'software_training_assignment/moving_turtle_Goal': ''double' is an invalid
[0.625s]   message name.  It should have the pattern '^[A-Z][A-Za-z0-9]*$''
[0.625s] 
[0.625s]   Traceback (most recent call last):
[0.625s] 
[0.625s]     File "/usr/lib/python3.8/runpy.py", line 194, in _run_module_as_main
[0.626s]       return _run_code(code, main_globals, None,
[0.626s]     File "/usr/lib/python3.8/runpy.py", line 87, in _run_code
[0.626s]       exec(code, run_globals)
[0.626s]     File "/opt/ros/foxy/lib/python3.8/site-packages/rosidl_adapter/__main__.py", line 19, in <module>
[0.626s]       sys.exit(main())
[0.626s]     File "/opt/ros/foxy/lib/python3.8/site-packages/rosidl_adapter/main.py", line 53, in main
[0.626s]       abs_idl_file = convert_to_idl(
[0.626s]     File "/opt/ros/foxy/lib/python3.8/site-packages/rosidl_adapter/__init__.py", line 29, in convert_to_idl
[0.627s]       return convert_action_to_idl(
[0.627s]     File "/opt/ros/foxy/lib/python3.8/site-packages/rosidl_adapter/action/__init__.py", line 28, in convert_action_to_idl
[0.627s]       action = parse_action_string(package_name, input_file.stem, content)
[0.627s]     File "/opt/ros/foxy/lib/python3.8/site-packages/rosidl_adapter/parser.py", line 892, in parse_action_string
[0.627s]       goal_message = parse_message_string(
[0.627s]     File "/opt/ros/foxy/lib/python3.8/site-packages/rosidl_adapter/parser.py", line 516, in parse_message_string
[0.627s]       Type(type_string, context_package_name=pkg_name),
[0.627s]     File "/opt/ros/foxy/lib/python3.8/site-packages/rosidl_adapter/parser.py", line 276, in __init__
[0.627s]       super(Type, self).__init__(
[0.627s]     File "/opt/ros/foxy/lib/python3.8/site-packages/rosidl_adapter/parser.py", line 204, in __init__
[0.628s]       raise InvalidResourceName(
[0.628s] 
[0.628s]   rosidl_adapter.parser.InvalidResourceName: 'double' is an invalid message
[0.628s]   name.  It should have the pattern '^[A-Z][A-Za-z0-9]*$'
[0.628s] 
[0.628s] Call Stack (most recent call first):
[0.628s]   /opt/ros/foxy/share/rosidl_cmake/cmake/rosidl_generate_interfaces.cmake:130 (rosidl_adapt_interfaces)
[0.628s]   CMakeLists.txt:31 (rosidl_generate_interfaces)
[0.628s] 
[0.628s] 
[0.628s] -- Configuring incomplete, errors occurred!
[0.629s] See also "/home/andrew/ros2_dev_ws/src/software_training_assignment/build/software_training_assignment/CMakeFiles/CMakeOutput.log".
[0.629s] See also "/home/andrew/ros2_dev_ws/src/software_training_assignment/build/software_training_assignment/CMakeFiles/CMakeError.log".
[0.632s] make: *** [Makefile:222: cmake_check_build_system] Error 1
[0.634s] Invoked command in '/home/andrew/ros2_dev_ws/src/software_training_assignment/build/software_training_assignment' returned '2': CMAKE_PREFIX_PATH=/opt/ros/foxy /usr/bin/cmake --build /home/andrew/ros2_dev_ws/src/software_training_assignment/build/software_training_assignment -- -j12 -l12
