[0.011s] Invoking command in '/home/andrew/ros2_dev_ws/src/uwrt_software_training/build/software_training_assignment': CMAKE_PREFIX_PATH=/opt/ros/foxy /usr/bin/cmake --build /home/andrew/ros2_dev_ws/src/uwrt_software_training/build/software_training_assignment -- -j12 -l12
[0.038s] -- Found ament_cmake: 0.9.9 (/opt/ros/foxy/share/ament_cmake/cmake)
[0.055s] -- Using PYTHON_EXECUTABLE: /usr/bin/python3
[0.188s] -- Found rclcpp: 2.4.1 (/opt/ros/foxy/share/rclcpp/cmake)
[0.215s] -- Using all available rosidl_typesupport_c: rosidl_typesupport_fastrtps_c;rosidl_typesupport_introspection_c
[0.218s] -- Found rosidl_adapter: 1.2.1 (/opt/ros/foxy/share/rosidl_adapter/cmake)
[0.323s] -- Using all available rosidl_typesupport_cpp: rosidl_typesupport_fastrtps_cpp;rosidl_typesupport_introspection_cpp
[0.362s] -- Found rmw_implementation_cmake: 1.0.3 (/opt/ros/foxy/share/rmw_implementation_cmake/cmake)
[0.363s] -- Using RMW implementation 'rmw_fastrtps_cpp' as default
[0.482s] -- Found rclcpp_components: 2.4.1 (/opt/ros/foxy/share/rclcpp_components/cmake)
[0.543s] -- Found turtlesim: 1.2.5 (/opt/ros/foxy/share/turtlesim/cmake)
[0.638s] -- Found geometry_msgs: 2.0.5 (/opt/ros/foxy/share/geometry_msgs/cmake)
[0.669s] -- Found ament_lint_auto: 0.9.6 (/opt/ros/foxy/share/ament_lint_auto/cmake)
[0.718s] -- Added test 'copyright' to check source files copyright and LICENSE
[0.739s] -- Added test 'cppcheck' to perform static code analysis on C / C++ code
[0.739s] -- Configured cppcheck include dirs: /home/andrew/ros2_dev_ws/src/uwrt_software_training/include
[0.739s] -- Configured cppcheck exclude dirs and/or files: 
[0.759s] -- Added test 'cpplint' to check C / C++ code against the Google style
[0.760s] -- Configured cpplint exclude dirs and/or files: 
[0.762s] -- Added test 'flake8' to check Python code syntax and style conventions
[0.767s] -- Added test 'lint_cmake' to check CMake code style
[0.770s] -- Added test 'pep257' to check Python code against some of the style conventions in PEP 257
[0.791s] -- Added test 'uncrustify' to check C / C++ code style
[0.792s] -- Configured uncrustify additional arguments: 
[0.794s] -- Added test 'xmllint' to check XML markup files
[0.796s] -- Configuring done
[0.804s] -- Generating done
[0.805s] -- Build files have been written to: /home/andrew/ros2_dev_ws/src/uwrt_software_training/build/software_training_assignment
[0.820s] [35m[1mScanning dependencies of target turtle_request[0m
[0.832s] [ 50%] [32mBuilding CXX object CMakeFiles/turtle_request.dir/src/clear_turtles_node.cpp.o[0m
[0.837s] [01m[K/home/andrew/ros2_dev_ws/src/uwrt_software_training/src/clear_turtles_node.cpp:1:34:[m[K [01;35m[Kwarning: [m[Kextra tokens at end of #include directive
[0.838s]     1 | #include "clear_turtles_node.hpp"[01;35m[K;[m[K
[0.838s]       |                                  [01;35m[K^[m[K
[0.838s] [01m[K/home/andrew/ros2_dev_ws/src/uwrt_software_training/src/clear_turtles_node.cpp:1:10:[m[K [01;31m[Kfatal error: [m[Kclear_turtles_node.hpp: No such file or directory
[0.838s]     1 | #include [01;31m[K"clear_turtles_node.hpp"[m[K;
[0.838s]       |          [01;31m[K^~~~~~~~~~~~~~~~~~~~~~~~[m[K
[0.838s] compilation terminated.
[0.839s] make[2]: *** [CMakeFiles/turtle_request.dir/build.make:63: CMakeFiles/turtle_request.dir/src/clear_turtles_node.cpp.o] Error 1
[0.839s] make[1]: *** [CMakeFiles/Makefile2:78: CMakeFiles/turtle_request.dir/all] Error 2
[0.839s] make: *** [Makefile:141: all] Error 2
[0.841s] Invoked command in '/home/andrew/ros2_dev_ws/src/uwrt_software_training/build/software_training_assignment' returned '2': CMAKE_PREFIX_PATH=/opt/ros/foxy /usr/bin/cmake --build /home/andrew/ros2_dev_ws/src/uwrt_software_training/build/software_training_assignment -- -j12 -l12
