[0.010s] Invoking command in '/home/andrew/ros2_dev_ws/src/software_training_assignment/build/software_training_assignment': CMAKE_PREFIX_PATH=/opt/ros/foxy /usr/bin/cmake --build /home/andrew/ros2_dev_ws/src/software_training_assignment/build/software_training_assignment -- -j12 -l12
[0.029s] -- Found ament_cmake: 0.9.9 (/opt/ros/foxy/share/ament_cmake/cmake)
[0.049s] -- Found PythonInterp: /usr/bin/python3 (found suitable version "3.8.10", minimum required is "3") 
[0.049s] -- Using PYTHON_EXECUTABLE: /usr/bin/python3
[0.175s] -- Found rclcpp: 2.4.1 (/opt/ros/foxy/share/rclcpp/cmake)
[0.198s] -- Using all available rosidl_typesupport_c: rosidl_typesupport_fastrtps_c;rosidl_typesupport_introspection_c
[0.201s] -- Found rosidl_adapter: 1.2.1 (/opt/ros/foxy/share/rosidl_adapter/cmake)
[0.309s] -- Using all available rosidl_typesupport_cpp: rosidl_typesupport_fastrtps_cpp;rosidl_typesupport_introspection_cpp
[0.346s] -- Found rmw_implementation_cmake: 1.0.3 (/opt/ros/foxy/share/rmw_implementation_cmake/cmake)
[0.347s] -- Using RMW implementation 'rmw_fastrtps_cpp' as default
[0.462s] CMake Error at CMakeLists.txt:30 (find_package):
[0.462s]   find_package called with invalid argument "rosidl_default_generators"
[0.462s] 
[0.462s] 
[0.477s] -- Found PythonInterp: /usr/bin/python3 (found version "3.8.10") 
[0.600s] CMake Error at /opt/ros/foxy/share/rosidl_adapter/cmake/rosidl_adapt_interfaces.cmake:60 (message):
[0.600s]   execute_process(/usr/bin/python3 -m rosidl_adapter --package-name
[0.601s]   software_training_assignment --arguments-file
[0.601s]   /home/andrew/ros2_dev_ws/src/software_training_assignment/build/software_training_assignment/rosidl_adapter__arguments__software_training_assignment.json
[0.601s]   --output-dir
[0.601s]   /home/andrew/ros2_dev_ws/src/software_training_assignment/build/software_training_assignment/rosidl_adapter/software_training_assignment
[0.601s]   --output-file
[0.601s]   /home/andrew/ros2_dev_ws/src/software_training_assignment/build/software_training_assignment/rosidl_adapter/software_training_assignment.idls)
[0.601s]   returned error code 1:
[0.601s] 
[0.601s]   Traceback (most recent call last):
[0.601s] 
[0.602s]     File "/usr/lib/python3.8/runpy.py", line 194, in _run_module_as_main
[0.602s]       return _run_code(code, main_globals, None,
[0.602s]     File "/usr/lib/python3.8/runpy.py", line 87, in _run_code
[0.602s]       exec(code, run_globals)
[0.602s]     File "/opt/ros/foxy/lib/python3.8/site-packages/rosidl_adapter/__main__.py", line 19, in <module>
[0.602s]       sys.exit(main())
[0.602s]     File "/opt/ros/foxy/lib/python3.8/site-packages/rosidl_adapter/main.py", line 53, in main
[0.602s]       abs_idl_file = convert_to_idl(
[0.603s]     File "/opt/ros/foxy/lib/python3.8/site-packages/rosidl_adapter/__init__.py", line 29, in convert_to_idl
[0.603s]       return convert_action_to_idl(
[0.603s]     File "/opt/ros/foxy/lib/python3.8/site-packages/rosidl_adapter/action/__init__.py", line 28, in convert_action_to_idl
[0.603s]       action = parse_action_string(package_name, input_file.stem, content)
[0.603s]     File "/opt/ros/foxy/lib/python3.8/site-packages/rosidl_adapter/parser.py", line 892, in parse_action_string
[0.603s]       goal_message = parse_message_string(
[0.603s]     File "/opt/ros/foxy/lib/python3.8/site-packages/rosidl_adapter/parser.py", line 540, in parse_message_string
[0.603s]       msg = MessageSpecification(pkg_name, msg_name, fields, constants)
[0.604s]     File "/opt/ros/foxy/lib/python3.8/site-packages/rosidl_adapter/parser.py", line 387, in __init__
[0.604s]       self.base_type = BaseType(
[0.604s]     File "/opt/ros/foxy/lib/python3.8/site-packages/rosidl_adapter/parser.py", line 204, in __init__
[0.604s]       raise InvalidResourceName(
[0.604s] 
[0.604s]   rosidl_adapter.parser.InvalidResourceName: 'MOVING_TURTLE_Goal' is an
[0.604s]   invalid message name.  It should have the pattern '^[A-Z][A-Za-z0-9]*$'
[0.604s] 
[0.605s] Call Stack (most recent call first):
[0.605s]   /opt/ros/foxy/share/rosidl_cmake/cmake/rosidl_generate_interfaces.cmake:130 (rosidl_adapt_interfaces)
[0.605s]   CMakeLists.txt:31 (rosidl_generate_interfaces)
[0.605s] 
[0.605s] 
[0.605s] -- Configuring incomplete, errors occurred!
[0.605s] See also "/home/andrew/ros2_dev_ws/src/software_training_assignment/build/software_training_assignment/CMakeFiles/CMakeOutput.log".
[0.605s] See also "/home/andrew/ros2_dev_ws/src/software_training_assignment/build/software_training_assignment/CMakeFiles/CMakeError.log".
[0.607s] make: *** [Makefile:222: cmake_check_build_system] Error 1
[0.608s] Invoked command in '/home/andrew/ros2_dev_ws/src/software_training_assignment/build/software_training_assignment' returned '2': CMAKE_PREFIX_PATH=/opt/ros/foxy /usr/bin/cmake --build /home/andrew/ros2_dev_ws/src/software_training_assignment/build/software_training_assignment -- -j12 -l12
