[0.013s] Invoking command in '/home/andrew/ros2_dev_ws/src/uwrt_software_training/build/software_training_assignment': CMAKE_PREFIX_PATH=/opt/ros/foxy /usr/bin/cmake --build /home/andrew/ros2_dev_ws/src/uwrt_software_training/build/software_training_assignment -- -j12 -l12
[0.051s] [35m[1mScanning dependencies of target turtle_request[0m
[0.061s] [ 50%] [32mBuilding CXX object CMakeFiles/turtle_request.dir/src/clear_turtles_node.cpp.o[0m
[0.067s] [01m[K/home/andrew/ros2_dev_ws/src/uwrt_software_training/src/clear_turtles_node.cpp:1:44:[m[K [01;35m[Kwarning: [m[Kextra tokens at end of #include directive
[0.067s]     1 | #include "./include/clear_turtles_node.hpp"[01;35m[K;[m[K
[0.067s]       |                                            [01;35m[K^[m[K
[0.068s] [01m[K/home/andrew/ros2_dev_ws/src/uwrt_software_training/src/clear_turtles_node.cpp:1:10:[m[K [01;31m[Kfatal error: [m[K./include/clear_turtles_node.hpp: No such file or directory
[0.068s]     1 | #include [01;31m[K"./include/clear_turtles_node.hpp"[m[K;
[0.068s]       |          [01;31m[K^~~~~~~~~~~~~~~~~~~~~~~~~~~~~~~~~~[m[K
[0.068s] compilation terminated.
[0.068s] make[2]: *** [CMakeFiles/turtle_request.dir/build.make:63: CMakeFiles/turtle_request.dir/src/clear_turtles_node.cpp.o] Error 1
[0.068s] make[1]: *** [CMakeFiles/Makefile2:78: CMakeFiles/turtle_request.dir/all] Error 2
[0.068s] make: *** [Makefile:141: all] Error 2
[0.070s] Invoked command in '/home/andrew/ros2_dev_ws/src/uwrt_software_training/build/software_training_assignment' returned '2': CMAKE_PREFIX_PATH=/opt/ros/foxy /usr/bin/cmake --build /home/andrew/ros2_dev_ws/src/uwrt_software_training/build/software_training_assignment -- -j12 -l12
