In file included from [01m[K/home/andrew/ros2_dev_ws/src/uwrt_software_training/src/clear_turtles_node.cpp:1[m[K:
[01m[K/home/andrew/ros2_dev_ws/src/uwrt_software_training/src/../include/software_training_assignment/clear_turtles_node.hpp:22:17:[m[K [01;31m[Kerror: [m[Kâ€˜[01m[Ktimer[m[Kâ€™ in namespace â€˜[01m[Krclcpp[m[Kâ€™ does not name a type
   22 |         rclcpp::[01;31m[Ktimer[m[K::WallTimer timer_cb;
      |                 [01;31m[K^~~~~[m[K
[01m[K/home/andrew/ros2_dev_ws/src/uwrt_software_training/src/clear_turtles_node.cpp:[m[K In constructor â€˜[01m[Kcomposition::clear_turtles_node::clear_turtles_node(const rclcpp::NodeOptions&)[m[Kâ€™:
[01m[K/home/andrew/ros2_dev_ws/src/uwrt_software_training/src/clear_turtles_node.cpp:5:74:[m[K [01;31m[Kerror: [m[Kno matching function for call to â€˜[01m[Krclcpp::Node::Node()[m[Kâ€™
    5 | clear_turtles_node::clear_turtles_node(const rclcpp::NodeOptions &options[01;31m[K)[m[K {
      |                                                                          [01;31m[K^[m[K
In file included from [01m[K/opt/ros/foxy/include/rclcpp/executors/single_threaded_executor.hpp:28[m[K,
                 from [01m[K/opt/ros/foxy/include/rclcpp/executors.hpp:22[m[K,
                 from [01m[K/opt/ros/foxy/include/rclcpp/rclcpp.hpp:146[m[K,
                 from [01m[K/home/andrew/ros2_dev_ws/src/uwrt_software_training/src/../include/software_training_assignment/clear_turtles_node.hpp:6[m[K,
                 from [01m[K/home/andrew/ros2_dev_ws/src/uwrt_software_training/src/clear_turtles_node.cpp:1[m[K:
[01m[K/opt/ros/foxy/include/rclcpp/node.hpp:1193:3:[m[K [01;36m[Knote: [m[Kcandidate: â€˜[01m[Krclcpp::Node::Node(const rclcpp::Node&, const string&)[m[Kâ€™
 1193 |   [01;36m[KNode[m[K(
      |   [01;36m[K^~~~[m[K
[01m[K/opt/ros/foxy/include/rclcpp/node.hpp:1193:3:[m[K [01;36m[Knote: [m[K  candidate expects 2 arguments, 0 provided
[01m[K/opt/ros/foxy/include/rclcpp/node.hpp:98:12:[m[K [01;36m[Knote: [m[Kcandidate: â€˜[01m[Krclcpp::Node::Node(const string&, const string&, const rclcpp::NodeOptions&)[m[Kâ€™
   98 |   explicit [01;36m[KNode[m[K(
      |            [01;36m[K^~~~[m[K
[01m[K/opt/ros/foxy/include/rclcpp/node.hpp:98:12:[m[K [01;36m[Knote: [m[K  candidate expects 3 arguments, 0 provided
[01m[K/opt/ros/foxy/include/rclcpp/node.hpp:86:12:[m[K [01;36m[Knote: [m[Kcandidate: â€˜[01m[Krclcpp::Node::Node(const string&, const rclcpp::NodeOptions&)[m[Kâ€™
   86 |   explicit [01;36m[KNode[m[K(
      |            [01;36m[K^~~~[m[K
[01m[K/opt/ros/foxy/include/rclcpp/node.hpp:86:12:[m[K [01;36m[Knote: [m[K  candidate expects 2 arguments, 0 provided
[01m[K/home/andrew/ros2_dev_ws/src/uwrt_software_training/src/clear_turtles_node.cpp:6:49:[m[K [01;31m[Kerror: [m[Kcannot convert â€˜[01m[Krclcpp::Client<turtlesim::srv::Kill>::SharedPtr[m[Kâ€™ {aka â€˜[01m[Kstd::shared_ptr<rclcpp::Client<turtlesim::srv::Kill> >[m[Kâ€™} to â€˜[01m[Krclcpp::Client<turtlesim::srv::Kill>*[m[Kâ€™ in assignment
    6 |     client = [01;31m[Kcreate_client<turtlesim::srv::Kill>("/kill")[m[K;
      |              [01;31m[K~~~~~~~~~~~~~~~~~~~~~~~~~~~~~~~~~~~^~~~~~~~~[m[K
      |                                                 [01;31m[K|[m[K
      |                                                 [01;31m[Krclcpp::Client<turtlesim::srv::Kill>::SharedPtr {aka std::shared_ptr<rclcpp::Client<turtlesim::srv::Kill> >}[m[K
[01m[K/home/andrew/ros2_dev_ws/src/uwrt_software_training/src/clear_turtles_node.cpp:8:5:[m[K [01;31m[Kerror: [m[Kâ€˜[01m[Ktimer_cb[m[Kâ€™ was not declared in this scope; did you mean â€˜[01m[Ktimer_t[m[Kâ€™?
    8 |     [01;31m[Ktimer_cb[m[K = create_wall_timer(2s, std::bind(kill, this));
      |     [01;31m[K^~~~~~~~[m[K
      |     [32m[Ktimer_t[m[K
[01m[K/home/andrew/ros2_dev_ws/src/uwrt_software_training/src/clear_turtles_node.cpp:8:34:[m[K [01;31m[Kerror: [m[Kunable to find numeric literal operator â€˜[01m[Koperator""s[m[Kâ€™
    8 |     timer_cb = create_wall_timer([01;31m[K2s[m[K, std::bind(kill, this));
      |                                  [01;31m[K^~[m[K
[01m[K/home/andrew/ros2_dev_ws/src/uwrt_software_training/src/clear_turtles_node.cpp:8:48:[m[K [01;31m[Kerror: [m[Kinvalid use of non-static member function â€˜[01m[Kvoid composition::clear_turtles_node::kill()[m[Kâ€™
    8 |     timer_cb = create_wall_timer(2s, std::bind([01;31m[Kkill[m[K, this));
      |                                                [01;31m[K^~~~[m[K
In file included from [01m[K/home/andrew/ros2_dev_ws/src/uwrt_software_training/src/clear_turtles_node.cpp:1[m[K:
[01m[K/home/andrew/ros2_dev_ws/src/uwrt_software_training/src/../include/software_training_assignment/clear_turtles_node.hpp:23:14:[m[K [01;36m[Knote: [m[Kdeclared here
   23 |         void [01;36m[Kkill[m[K();
      |              [01;36m[K^~~~[m[K
[01m[K/home/andrew/ros2_dev_ws/src/uwrt_software_training/src/clear_turtles_node.cpp:5:67:[m[K [01;35m[Kwarning: [m[Kunused parameter â€˜[01m[Koptions[m[Kâ€™ [[01;35m[K-Wunused-parameter[m[K]
    5 | clear_turtles_node::clear_turtles_node([01;35m[Kconst rclcpp::NodeOptions &options[m[K) {
      |                                        [01;35m[K~~~~~~~~~~~~~~~~~~~~~~~~~~~^~~~~~~[m[K
[01m[K/home/andrew/ros2_dev_ws/src/uwrt_software_training/src/clear_turtles_node.cpp:[m[K In member function â€˜[01m[Kvoid composition::clear_turtles_node::kill()[m[Kâ€™:
[01m[K/home/andrew/ros2_dev_ws/src/uwrt_software_training/src/clear_turtles_node.cpp:18:91:[m[K [01;31m[Kerror: [m[Kcannot convert â€˜[01m[Kstd::shared_ptr<std::shared_ptr<turtlesim::srv::Kill_Request_<std::allocator<void> > > >[m[Kâ€™ to â€˜[01m[Krclcpp::Client<turtlesim::srv::Kill>::SharedRequest*[m[Kâ€™ {aka â€˜[01m[Kstd::shared_ptr<turtlesim::srv::Kill_Request_<std::allocator<void> > >*[m[Kâ€™} in assignment
   18 |         sharedReq = [01;31m[Kstd::make_shared<rclcpp::Client<turtlesim::srv::Kill>::SharedRequest> (turtle)[m[K;
      |                     [01;31m[K~~~~~~~~~~~~~~~~~~~~~~~~~~~~~~~~~~~~~~~~~~~~~~~~~~~~~~~~~~~~~~~~~~~~~~^~~~~~~~[m[K
      |                                                                                           [01;31m[K|[m[K
      |                                                                                           [01;31m[Kstd::shared_ptr<std::shared_ptr<turtlesim::srv::Kill_Request_<std::allocator<void> > > >[m[K
[01m[K/home/andrew/ros2_dev_ws/src/uwrt_software_training/src/clear_turtles_node.cpp:25:9:[m[K [01;31m[Kerror: [m[Kexpected â€˜[01m[K,[m[Kâ€™ or â€˜[01m[K;[m[Kâ€™ before â€˜[01m[Kclient[m[Kâ€™
   25 |         [01;31m[Kclient[m[K -> async_send_request(sharedReq, callback);
      |         [01;31m[K^~~~~~[m[K
In file included from [01m[K/usr/include/x86_64-linux-gnu/c++/9/bits/c++allocator.h:33[m[K,
                 from [01m[K/usr/include/c++/9/bits/allocator.h:46[m[K,
                 from [01m[K/usr/include/c++/9/memory:63[m[K,
                 from [01m[K/opt/ros/foxy/include/rclcpp/rclcpp.hpp:144[m[K,
                 from [01m[K/home/andrew/ros2_dev_ws/src/uwrt_software_training/src/../include/software_training_assignment/clear_turtles_node.hpp:6[m[K,
                 from [01m[K/home/andrew/ros2_dev_ws/src/uwrt_software_training/src/clear_turtles_node.cpp:1[m[K:
/usr/include/c++/9/ext/new_allocator.h: In instantiation of â€˜[01m[Kvoid __gnu_cxx::new_allocator<_Tp>::construct(_Up*, _Args&& ...) [with _Up = std::shared_ptr<turtlesim::srv::Kill_Request_<std::allocator<void> > >; _Args = {std::__cxx11::basic_string<char, std::char_traits<char>, std::allocator<char> >&}; _Tp = std::shared_ptr<turtlesim::srv::Kill_Request_<std::allocator<void> > >][m[Kâ€™:
[01m[K/usr/include/c++/9/bits/alloc_traits.h:483:4:[m[K   required from â€˜[01m[Kstatic void std::allocator_traits<std::allocator<_Tp1> >::construct(std::allocator_traits<std::allocator<_Tp1> >::allocator_type&, _Up*, _Args&& ...) [with _Up = std::shared_ptr<turtlesim::srv::Kill_Request_<std::allocator<void> > >; _Args = {std::__cxx11::basic_string<char, std::char_traits<char>, std::allocator<char> >&}; _Tp = std::shared_ptr<turtlesim::srv::Kill_Request_<std::allocator<void> > >; std::allocator_traits<std::allocator<_Tp1> >::allocator_type = std::allocator<std::shared_ptr<turtlesim::srv::Kill_Request_<std::allocator<void> > > >][m[Kâ€™
[01m[K/usr/include/c++/9/bits/shared_ptr_base.h:548:39:[m[K   required from â€˜[01m[Kstd::_Sp_counted_ptr_inplace<_Tp, _Alloc, _Lp>::_Sp_counted_ptr_inplace(_Alloc, _Args&& ...) [with _Args = {std::__cxx11::basic_string<char, std::char_traits<char>, std::allocator<char> >&}; _Tp = std::shared_ptr<turtlesim::srv::Kill_Request_<std::allocator<void> > >; _Alloc = std::allocator<std::shared_ptr<turtlesim::srv::Kill_Request_<std::allocator<void> > > >; __gnu_cxx::_Lock_policy _Lp = __gnu_cxx::_S_atomic][m[Kâ€™
[01m[K/usr/include/c++/9/bits/shared_ptr_base.h:679:16:[m[K   required from â€˜[01m[Kstd::__shared_count<_Lp>::__shared_count(_Tp*&, std::_Sp_alloc_shared_tag<_Alloc>, _Args&& ...) [with _Tp = std::shared_ptr<turtlesim::srv::Kill_Request_<std::allocator<void> > >; _Alloc = std::allocator<std::shared_ptr<turtlesim::srv::Kill_Request_<std::allocator<void> > > >; _Args = {std::__cxx11::basic_string<char, std::char_traits<char>, std::allocator<char> >&}; __gnu_cxx::_Lock_policy _Lp = __gnu_cxx::_S_atomic][m[Kâ€™
[01m[K/usr/include/c++/9/bits/shared_ptr_base.h:1344:71:[m[K   required from â€˜[01m[Kstd::__shared_ptr<_Tp, _Lp>::__shared_ptr(std::_Sp_alloc_shared_tag<_Tp>, _Args&& ...) [with _Alloc = std::allocator<std::shared_ptr<turtlesim::srv::Kill_Request_<std::allocator<void> > > >; _Args = {std::__cxx11::basic_string<char, std::char_traits<char>, std::allocator<char> >&}; _Tp = std::shared_ptr<turtlesim::srv::Kill_Request_<std::allocator<void> > >; __gnu_cxx::_Lock_policy _Lp = __gnu_cxx::_S_atomic][m[Kâ€™
[01m[K/usr/include/c++/9/bits/shared_ptr.h:359:59:[m[K   required from â€˜[01m[Kstd::shared_ptr<_Tp>::shared_ptr(std::_Sp_alloc_shared_tag<_Tp>, _Args&& ...) [with _Alloc = std::allocator<std::shared_ptr<turtlesim::srv::Kill_Request_<std::allocator<void> > > >; _Args = {std::__cxx11::basic_string<char, std::char_traits<char>, std::allocator<char> >&}; _Tp = std::shared_ptr<turtlesim::srv::Kill_Request_<std::allocator<void> > >][m[Kâ€™
[01m[K/usr/include/c++/9/bits/shared_ptr.h:701:14:[m[K   required from â€˜[01m[Kstd::shared_ptr<_Tp> std::allocate_shared(const _Alloc&, _Args&& ...) [with _Tp = std::shared_ptr<turtlesim::srv::Kill_Request_<std::allocator<void> > >; _Alloc = std::allocator<std::shared_ptr<turtlesim::srv::Kill_Request_<std::allocator<void> > > >; _Args = {std::__cxx11::basic_string<char, std::char_traits<char>, std::allocator<char> >&}][m[Kâ€™
[01m[K/usr/include/c++/9/bits/shared_ptr.h:717:39:[m[K   required from â€˜[01m[Kstd::shared_ptr<_Tp> std::make_shared(_Args&& ...) [with _Tp = std::shared_ptr<turtlesim::srv::Kill_Request_<std::allocator<void> > >; _Args = {std::__cxx11::basic_string<char, std::char_traits<char>, std::allocator<char> >&}][m[Kâ€™
[01m[K/home/andrew/ros2_dev_ws/src/uwrt_software_training/src/clear_turtles_node.cpp:18:98:[m[K   required from here
[01m[K/usr/include/c++/9/ext/new_allocator.h:146:4:[m[K [01;31m[Kerror: [m[Kno matching function for call to â€˜[01m[Kstd::shared_ptr<turtlesim::srv::Kill_Request_<std::allocator<void> > >::shared_ptr(std::__cxx11::basic_string<char>&)[m[Kâ€™
  146 |  { [01;31m[K::new((void *)__p) _Up(std::forward<_Args>(__args)...)[m[K; }
      |    [01;31m[K^~~~~~~~~~~~~~~~~~~~~~~~~~~~~~~~~~~~~~~~~~~~~~~~~~~~~~[m[K
In file included from [01m[K/usr/include/c++/9/memory:81[m[K,
                 from [01m[K/opt/ros/foxy/include/rclcpp/rclcpp.hpp:144[m[K,
                 from [01m[K/home/andrew/ros2_dev_ws/src/uwrt_software_training/src/../include/software_training_assignment/clear_turtles_node.hpp:6[m[K,
                 from [01m[K/home/andrew/ros2_dev_ws/src/uwrt_software_training/src/clear_turtles_node.cpp:1[m[K:
[01m[K/usr/include/c++/9/bits/shared_ptr.h:367:7:[m[K [01;36m[Knote: [m[Kcandidate: â€˜[01m[Kstd::shared_ptr<_Tp>::shared_ptr(const std::weak_ptr<_Tp>&, std::nothrow_t) [with _Tp = turtlesim::srv::Kill_Request_<std::allocator<void> >][m[Kâ€™
  367 |       [01;36m[Kshared_ptr[m[K(const weak_ptr<_Tp>& __r, std::nothrow_t)
      |       [01;36m[K^~~~~~~~~~[m[K
[01m[K/usr/include/c++/9/bits/shared_ptr.h:367:7:[m[K [01;36m[Knote: [m[K  candidate expects 2 arguments, 1 provided
[01m[K/usr/include/c++/9/bits/shared_ptr.h:358:2:[m[K [01;36m[Knote: [m[Kcandidate: â€˜[01m[Ktemplate<class _Alloc, class ... _Args> std::shared_ptr<_Tp>::shared_ptr(std::_Sp_alloc_shared_tag<_Tp>, _Args&& ...)[m[Kâ€™
  358 |  [01;36m[Kshared_ptr[m[K(_Sp_alloc_shared_tag<_Alloc> __tag, _Args&&... __args)
      |  [01;36m[K^~~~~~~~~~[m[K
[01m[K/usr/include/c++/9/bits/shared_ptr.h:358:2:[m[K [01;36m[Knote: [m[K  template argument deduction/substitution failed:
In file included from [01m[K/usr/include/x86_64-linux-gnu/c++/9/bits/c++allocator.h:33[m[K,
                 from [01m[K/usr/include/c++/9/bits/allocator.h:46[m[K,
                 from [01m[K/usr/include/c++/9/memory:63[m[K,
                 from [01m[K/opt/ros/foxy/include/rclcpp/rclcpp.hpp:144[m[K,
                 from [01m[K/home/andrew/ros2_dev_ws/src/uwrt_software_training/src/../include/software_training_assignment/clear_turtles_node.hpp:6[m[K,
                 from [01m[K/home/andrew/ros2_dev_ws/src/uwrt_software_training/src/clear_turtles_node.cpp:1[m[K:
[01m[K/usr/include/c++/9/ext/new_allocator.h:146:4:[m[K [01;36m[Knote: [m[K  â€˜[01m[Kstd::__cxx11::basic_string<char>[m[Kâ€™ is not derived from â€˜[01m[Kstd::_Sp_alloc_shared_tag<_Tp>[m[Kâ€™
  146 |  { [01;36m[K::new((void *)__p) _Up(std::forward<_Args>(__args)...)[m[K; }
      |    [01;36m[K^~~~~~~~~~~~~~~~~~~~~~~~~~~~~~~~~~~~~~~~~~~~~~~~~~~~~~[m[K
In file included from [01m[K/usr/include/c++/9/memory:81[m[K,
                 from [01m[K/opt/ros/foxy/include/rclcpp/rclcpp.hpp:144[m[K,
                 from [01m[K/home/andrew/ros2_dev_ws/src/uwrt_software_training/src/../include/software_training_assignment/clear_turtles_node.hpp:6[m[K,
                 from [01m[K/home/andrew/ros2_dev_ws/src/uwrt_software_training/src/clear_turtles_node.cpp:1[m[K:
[01m[K/usr/include/c++/9/bits/shared_ptr.h:307:17:[m[K [01;36m[Knote: [m[Kcandidate: â€˜[01m[Kconstexpr std::shared_ptr<_Tp>::shared_ptr(std::nullptr_t) [with _Tp = turtlesim::srv::Kill_Request_<std::allocator<void> >; std::nullptr_t = std::nullptr_t][m[Kâ€™
  307 |       constexpr [01;36m[Kshared_ptr[m[K(nullptr_t) noexcept : shared_ptr() { }
      |                 [01;36m[K^~~~~~~~~~[m[K
[01m[K/usr/include/c++/9/bits/shared_ptr.h:307:28:[m[K [01;36m[Knote: [m[K  no known conversion for argument 1 from â€˜[01m[Kstd::__cxx11::basic_string<char>[m[Kâ€™ to â€˜[01m[Kstd::nullptr_t[m[Kâ€™
  307 |       constexpr shared_ptr([01;36m[Knullptr_t[m[K) noexcept : shared_ptr() { }
      |                            [01;36m[K^~~~~~~~~[m[K
[01m[K/usr/include/c++/9/bits/shared_ptr.h:299:2:[m[K [01;36m[Knote: [m[Kcandidate: â€˜[01m[Ktemplate<class _Yp, class _Del, std::shared_ptr<turtlesim::srv::Kill_Request_<std::allocator<void> > >::_Constructible<std::unique_ptr<_Tp, _Dp>, std::__sp_array_delete>* <anonymous> > std::shared_ptr<_Tp>::shared_ptr(std::unique_ptr<_Up, _Ep>&&)[m[Kâ€™
  299 |  [01;36m[Kshared_ptr[m[K(unique_ptr<_Yp, _Del>&& __r)
      |  [01;36m[K^~~~~~~~~~[m[K
[01m[K/usr/include/c++/9/bits/shared_ptr.h:299:2:[m[K [01;36m[Knote: [m[K  template argument deduction/substitution failed:
In file included from [01m[K/usr/include/x86_64-linux-gnu/c++/9/bits/c++allocator.h:33[m[K,
                 from [01m[K/usr/include/c++/9/bits/allocator.h:46[m[K,
                 from [01m[K/usr/include/c++/9/memory:63[m[K,
                 from [01m[K/opt/ros/foxy/include/rclcpp/rclcpp.hpp:144[m[K,
                 from [01m[K/home/andrew/ros2_dev_ws/src/uwrt_software_training/src/../include/software_training_assignment/clear_turtles_node.hpp:6[m[K,
                 from [01m[K/home/andrew/ros2_dev_ws/src/uwrt_software_training/src/clear_turtles_node.cpp:1[m[K:
[01m[K/usr/include/c++/9/ext/new_allocator.h:146:4:[m[K [01;36m[Knote: [m[K  â€˜[01m[Kstd::__cxx11::basic_string<char>[m[Kâ€™ is not derived from â€˜[01m[Kstd::unique_ptr<_Tp, _Dp>[m[Kâ€™
  146 |  { [01;36m[K::new((void *)__p) _Up(std::forward<_Args>(__args)...)[m[K; }
      |    [01;36m[K^~~~~~~~~~~~~~~~~~~~~~~~~~~~~~~~~~~~~~~~~~~~~~~~~~~~~~[m[K
In file included from [01m[K/usr/include/c++/9/memory:81[m[K,
                 from [01m[K/opt/ros/foxy/include/rclcpp/rclcpp.hpp:144[m[K,
                 from [01m[K/home/andrew/ros2_dev_ws/src/uwrt_software_training/src/../include/software_training_assignment/clear_turtles_node.hpp:6[m[K,
                 from [01m[K/home/andrew/ros2_dev_ws/src/uwrt_software_training/src/clear_turtles_node.cpp:1[m[K:
[01m[K/usr/include/c++/9/bits/shared_ptr.h:290:2:[m[K [01;36m[Knote: [m[Kcandidate: â€˜[01m[Ktemplate<class _Yp, class _Del, class> std::shared_ptr<_Tp>::shared_ptr(std::unique_ptr<_Up, _Ep>&&)[m[Kâ€™
  290 |  [01;36m[Kshared_ptr[m[K(unique_ptr<_Yp, _Del>&& __r)
      |  [01;36m[K^~~~~~~~~~[m[K
[01m[K/usr/include/c++/9/bits/shared_ptr.h:290:2:[m[K [01;36m[Knote: [m[K  template argument deduction/substitution failed:
In file included from [01m[K/usr/include/x86_64-linux-gnu/c++/9/bits/c++allocator.h:33[m[K,
                 from [01m[K/usr/include/c++/9/bits/allocator.h:46[m[K,
                 from [01m[K/usr/include/c++/9/memory:63[m[K,
                 from [01m[K/opt/ros/foxy/include/rclcpp/rclcpp.hpp:144[m[K,
                 from [01m[K/home/andrew/ros2_dev_ws/src/uwrt_software_training/src/../include/software_training_assignment/clear_turtles_node.hpp:6[m[K,
                 from [01m[K/home/andrew/ros2_dev_ws/src/uwrt_software_training/src/clear_turtles_node.cpp:1[m[K:
[01m[K/usr/include/c++/9/ext/new_allocator.h:146:4:[m[K [01;36m[Knote: [m[K  â€˜[01m[Kstd::__cxx11::basic_string<char>[m[Kâ€™ is not derived from â€˜[01m[Kstd::unique_ptr<_Tp, _Dp>[m[Kâ€™
  146 |  { [01;36m[K::new((void *)__p) _Up(std::forward<_Args>(__args)...)[m[K; }
      |    [01;36m[K^~~~~~~~~~~~~~~~~~~~~~~~~~~~~~~~~~~~~~~~~~~~~~~~~~~~~~[m[K
In file included from [01m[K/usr/include/c++/9/memory:81[m[K,
                 from [01m[K/opt/ros/foxy/include/rclcpp/rclcpp.hpp:144[m[K,
                 from [01m[K/home/andrew/ros2_dev_ws/src/uwrt_software_training/src/../include/software_training_assignment/clear_turtles_node.hpp:6[m[K,
                 from [01m[K/home/andrew/ros2_dev_ws/src/uwrt_software_training/src/clear_turtles_node.cpp:1[m[K:
[01m[K/usr/include/c++/9/bits/shared_ptr.h:282:2:[m[K [01;36m[Knote: [m[Kcandidate: â€˜[01m[Ktemplate<class _Yp, class> std::shared_ptr<_Tp>::shared_ptr(std::auto_ptr<_Up>&&)[m[Kâ€™
  282 |  [01;36m[Kshared_ptr[m[K(auto_ptr<_Yp>&& __r);
      |  [01;36m[K^~~~~~~~~~[m[K
[01m[K/usr/include/c++/9/bits/shared_ptr.h:282:2:[m[K [01;36m[Knote: [m[K  template argument deduction/substitution failed:
In file included from [01m[K/usr/include/x86_64-linux-gnu/c++/9/bits/c++allocator.h:33[m[K,
                 from [01m[K/usr/include/c++/9/bits/allocator.h:46[m[K,
                 from [01m[K/usr/include/c++/9/memory:63[m[K,
                 from [01m[K/opt/ros/foxy/include/rclcpp/rclcpp.hpp:144[m[K,
                 from [01m[K/home/andrew/ros2_dev_ws/src/uwrt_software_training/src/../include/software_training_assignment/clear_turtles_node.hpp:6[m[K,
                 from [01m[K/home/andrew/ros2_dev_ws/src/uwrt_software_training/src/clear_turtles_node.cpp:1[m[K:
[01m[K/usr/include/c++/9/ext/new_allocator.h:146:4:[m[K [01;36m[Knote: [m[K  â€˜[01m[Kstd::__cxx11::basic_string<char>[m[Kâ€™ is not derived from â€˜[01m[Kstd::auto_ptr<_Up>[m[Kâ€™
  146 |  { [01;36m[K::new((void *)__p) _Up(std::forward<_Args>(__args)...)[m[K; }
      |    [01;36m[K^~~~~~~~~~~~~~~~~~~~~~~~~~~~~~~~~~~~~~~~~~~~~~~~~~~~~~[m[K
In file included from [01m[K/usr/include/c++/9/memory:81[m[K,
                 from [01m[K/opt/ros/foxy/include/rclcpp/rclcpp.hpp:144[m[K,
                 from [01m[K/home/andrew/ros2_dev_ws/src/uwrt_software_training/src/../include/software_training_assignment/clear_turtles_node.hpp:6[m[K,
                 from [01m[K/home/andrew/ros2_dev_ws/src/uwrt_software_training/src/clear_turtles_node.cpp:1[m[K:
[01m[K/usr/include/c++/9/bits/shared_ptr.h:275:11:[m[K [01;36m[Knote: [m[Kcandidate: â€˜[01m[Ktemplate<class _Yp, class> std::shared_ptr<_Tp>::shared_ptr(const std::weak_ptr<_Yp>&)[m[Kâ€™
  275 |  explicit [01;36m[Kshared_ptr[m[K(const weak_ptr<_Yp>& __r)
      |           [01;36m[K^~~~~~~~~~[m[K
[01m[K/usr/include/c++/9/bits/shared_ptr.h:275:11:[m[K [01;36m[Knote: [m[K  template argument deduction/substitution failed:
In file included from [01m[K/usr/include/x86_64-linux-gnu/c++/9/bits/c++allocator.h:33[m[K,
                 from [01m[K/usr/include/c++/9/bits/allocator.h:46[m[K,
                 from [01m[K/usr/include/c++/9/memory:63[m[K,
                 from [01m[K/opt/ros/foxy/include/rclcpp/rclcpp.hpp:144[m[K,
                 from [01m[K/home/andrew/ros2_dev_ws/src/uwrt_software_training/src/../include/software_training_assignment/clear_turtles_node.hpp:6[m[K,
                 from [01m[K/home/andrew/ros2_dev_ws/src/uwrt_software_training/src/clear_turtles_node.cpp:1[m[K:
[01m[K/usr/include/c++/9/ext/new_allocator.h:146:4:[m[K [01;36m[Knote: [m[K  â€˜[01m[Kstd::__cxx11::basic_string<char>[m[Kâ€™ is not derived from â€˜[01m[Kconst std::weak_ptr<_Tp>[m[Kâ€™
  146 |  { [01;36m[K::new((void *)__p) _Up(std::forward<_Args>(__args)...)[m[K; }
      |    [01;36m[K^~~~~~~~~~~~~~~~~~~~~~~~~~~~~~~~~~~~~~~~~~~~~~~~~~~~~~[m[K
In file included from [01m[K/usr/include/c++/9/memory:81[m[K,
                 from [01m[K/opt/ros/foxy/include/rclcpp/rclcpp.hpp:144[m[K,
                 from [01m[K/home/andrew/ros2_dev_ws/src/uwrt_software_training/src/../include/software_training_assignment/clear_turtles_node.hpp:6[m[K,
                 from [01m[K/home/andrew/ros2_dev_ws/src/uwrt_software_training/src/clear_turtles_node.cpp:1[m[K:
[01m[K/usr/include/c++/9/bits/shared_ptr.h:263:2:[m[K [01;36m[Knote: [m[Kcandidate: â€˜[01m[Ktemplate<class _Yp, class> std::shared_ptr<_Tp>::shared_ptr(std::shared_ptr<_Yp>&&)[m[Kâ€™
  263 |  [01;36m[Kshared_ptr[m[K(shared_ptr<_Yp>&& __r) noexcept
      |  [01;36m[K^~~~~~~~~~[m[K
[01m[K/usr/include/c++/9/bits/shared_ptr.h:263:2:[m[K [01;36m[Knote: [m[K  template argument deduction/substitution failed:
In file included from [01m[K/usr/include/x86_64-linux-gnu/c++/9/bits/c++allocator.h:33[m[K,
                 from [01m[K/usr/include/c++/9/bits/allocator.h:46[m[K,
                 from [01m[K/usr/include/c++/9/memory:63[m[K,
                 from [01m[K/opt/ros/foxy/include/rclcpp/rclcpp.hpp:144[m[K,
                 from [01m[K/home/andrew/ros2_dev_ws/src/uwrt_software_training/src/../include/software_training_assignment/clear_turtles_node.hpp:6[m[K,
                 from [01m[K/home/andrew/ros2_dev_ws/src/uwrt_software_training/src/clear_turtles_node.cpp:1[m[K:
[01m[K/usr/include/c++/9/ext/new_allocator.h:146:4:[m[K [01;36m[Knote: [m[K  â€˜[01m[Kstd::__cxx11::basic_string<char>[m[Kâ€™ is not derived from â€˜[01m[Kstd::shared_ptr<_Tp>[m[Kâ€™
  146 |  { [01;36m[K::new((void *)__p) _Up(std::forward<_Args>(__args)...)[m[K; }
      |    [01;36m[K^~~~~~~~~~~~~~~~~~~~~~~~~~~~~~~~~~~~~~~~~~~~~~~~~~~~~~[m[K
In file included from [01m[K/usr/include/c++/9/memory:81[m[K,
                 from [01m[K/opt/ros/foxy/include/rclcpp/rclcpp.hpp:144[m[K,
                 from [01m[K/home/andrew/ros2_dev_ws/src/uwrt_software_training/src/../include/software_training_assignment/clear_turtles_node.hpp:6[m[K,
                 from [01m[K/home/andrew/ros2_dev_ws/src/uwrt_software_training/src/clear_turtles_node.cpp:1[m[K:
[01m[K/usr/include/c++/9/bits/shared_ptr.h:254:7:[m[K [01;36m[Knote: [m[Kcandidate: â€˜[01m[Kstd::shared_ptr<_Tp>::shared_ptr(std::shared_ptr<_Tp>&&) [with _Tp = turtlesim::srv::Kill_Request_<std::allocator<void> >][m[Kâ€™
  254 |       [01;36m[Kshared_ptr[m[K(shared_ptr&& __r) noexcept
      |       [01;36m[K^~~~~~~~~~[m[K
[01m[K/usr/include/c++/9/bits/shared_ptr.h:254:31:[m[K [01;36m[Knote: [m[K  no known conversion for argument 1 from â€˜[01m[Kstd::__cxx11::basic_string<char>[m[Kâ€™ to â€˜[01m[Kstd::shared_ptr<turtlesim::srv::Kill_Request_<std::allocator<void> > >&&[m[Kâ€™
  254 |       shared_ptr([01;36m[Kshared_ptr&& __r[m[K) noexcept
      |                  [01;36m[K~~~~~~~~~~~~~^~~[m[K
[01m[K/usr/include/c++/9/bits/shared_ptr.h:246:2:[m[K [01;36m[Knote: [m[Kcandidate: â€˜[01m[Ktemplate<class _Yp, class> std::shared_ptr<_Tp>::shared_ptr(const std::shared_ptr<_Yp>&)[m[Kâ€™
  246 |  [01;36m[Kshared_ptr[m[K(const shared_ptr<_Yp>& __r) noexcept
      |  [01;36m[K^~~~~~~~~~[m[K
[01m[K/usr/include/c++/9/bits/shared_ptr.h:246:2:[m[K [01;36m[Knote: [m[K  template argument deduction/substitution failed:
In file included from [01m[K/usr/include/x86_64-linux-gnu/c++/9/bits/c++allocator.h:33[m[K,
                 from [01m[K/usr/include/c++/9/bits/allocator.h:46[m[K,
                 from [01m[K/usr/include/c++/9/memory:63[m[K,
                 from [01m[K/opt/ros/foxy/include/rclcpp/rclcpp.hpp:144[m[K,
                 from [01m[K/home/andrew/ros2_dev_ws/src/uwrt_software_training/src/../include/software_training_assignment/clear_turtles_node.hpp:6[m[K,
                 from [01m[K/home/andrew/ros2_dev_ws/src/uwrt_software_training/src/clear_turtles_node.cpp:1[m[K:
[01m[K/usr/include/c++/9/ext/new_allocator.h:146:4:[m[K [01;36m[Knote: [m[K  â€˜[01m[Kstd::__cxx11::basic_string<char>[m[Kâ€™ is not derived from â€˜[01m[Kconst std::shared_ptr<_Tp>[m[Kâ€™
  146 |  { [01;36m[K::new((void *)__p) _Up(std::forward<_Args>(__args)...)[m[K; }
      |    [01;36m[K^~~~~~~~~~~~~~~~~~~~~~~~~~~~~~~~~~~~~~~~~~~~~~~~~~~~~~[m[K
In file included from [01m[K/usr/include/c++/9/memory:81[m[K,
                 from [01m[K/opt/ros/foxy/include/rclcpp/rclcpp.hpp:144[m[K,
                 from [01m[K/home/andrew/ros2_dev_ws/src/uwrt_software_training/src/../include/software_training_assignment/clear_turtles_node.hpp:6[m[K,
                 from [01m[K/home/andrew/ros2_dev_ws/src/uwrt_software_training/src/clear_turtles_node.cpp:1[m[K:
[01m[K/usr/include/c++/9/bits/shared_ptr.h:234:2:[m[K [01;36m[Knote: [m[Kcandidate: â€˜[01m[Ktemplate<class _Yp> std::shared_ptr<_Tp>::shared_ptr(const std::shared_ptr<_Yp>&, std::shared_ptr<_Tp>::element_type*)[m[Kâ€™
  234 |  [01;36m[Kshared_ptr[m[K(const shared_ptr<_Yp>& __r, element_type* __p) noexcept
      |  [01;36m[K^~~~~~~~~~[m[K
[01m[K/usr/include/c++/9/bits/shared_ptr.h:234:2:[m[K [01;36m[Knote: [m[K  template argument deduction/substitution failed:
In file included from [01m[K/usr/include/x86_64-linux-gnu/c++/9/bits/c++allocator.h:33[m[K,
                 from [01m[K/usr/include/c++/9/bits/allocator.h:46[m[K,
                 from [01m[K/usr/include/c++/9/memory:63[m[K,
                 from [01m[K/opt/ros/foxy/include/rclcpp/rclcpp.hpp:144[m[K,
                 from [01m[K/home/andrew/ros2_dev_ws/src/uwrt_software_training/src/../include/software_training_assignment/clear_turtles_node.hpp:6[m[K,
                 from [01m[K/home/andrew/ros2_dev_ws/src/uwrt_software_training/src/clear_turtles_node.cpp:1[m[K:
[01m[K/usr/include/c++/9/ext/new_allocator.h:146:4:[m[K [01;36m[Knote: [m[K  â€˜[01m[Kstd::__cxx11::basic_string<char>[m[Kâ€™ is not derived from â€˜[01m[Kconst std::shared_ptr<_Tp>[m[Kâ€™
  146 |  { [01;36m[K::new((void *)__p) _Up(std::forward<_Args>(__args)...)[m[K; }
      |    [01;36m[K^~~~~~~~~~~~~~~~~~~~~~~~~~~~~~~~~~~~~~~~~~~~~~~~~~~~~~[m[K
In file included from [01m[K/usr/include/c++/9/memory:81[m[K,
                 from [01m[K/opt/ros/foxy/include/rclcpp/rclcpp.hpp:144[m[K,
                 from [01m[K/home/andrew/ros2_dev_ws/src/uwrt_software_training/src/../include/software_training_assignment/clear_turtles_node.hpp:6[m[K,
                 from [01m[K/home/andrew/ros2_dev_ws/src/uwrt_software_training/src/clear_turtles_node.cpp:1[m[K:
[01m[K/usr/include/c++/9/bits/shared_ptr.h:212:2:[m[K [01;36m[Knote: [m[Kcandidate: â€˜[01m[Ktemplate<class _Deleter, class _Alloc> std::shared_ptr<_Tp>::shared_ptr(std::nullptr_t, _Deleter, _Alloc)[m[Kâ€™
  212 |  [01;36m[Kshared_ptr[m[K(nullptr_t __p, _Deleter __d, _Alloc __a)
      |  [01;36m[K^~~~~~~~~~[m[K
[01m[K/usr/include/c++/9/bits/shared_ptr.h:212:2:[m[K [01;36m[Knote: [m[K  template argument deduction/substitution failed:
In file included from [01m[K/usr/include/x86_64-linux-gnu/c++/9/bits/c++allocator.h:33[m[K,
                 from [01m[K/usr/include/c++/9/bits/allocator.h:46[m[K,
                 from [01m[K/usr/include/c++/9/memory:63[m[K,
                 from [01m[K/opt/ros/foxy/include/rclcpp/rclcpp.hpp:144[m[K,
                 from [01m[K/home/andrew/ros2_dev_ws/src/uwrt_software_training/src/../include/software_training_assignment/clear_turtles_node.hpp:6[m[K,
                 from [01m[K/home/andrew/ros2_dev_ws/src/uwrt_software_training/src/clear_turtles_node.cpp:1[m[K:
[01m[K/usr/include/c++/9/ext/new_allocator.h:146:4:[m[K [01;36m[Knote: [m[K  candidate expects 3 arguments, 1 provided
  146 |  { [01;36m[K::new((void *)__p) _Up(std::forward<_Args>(__args)...)[m[K; }
      |    [01;36m[K^~~~~~~~~~~~~~~~~~~~~~~~~~~~~~~~~~~~~~~~~~~~~~~~~~~~~~[m[K
In file included from [01m[K/usr/include/c++/9/memory:81[m[K,
                 from [01m[K/opt/ros/foxy/include/rclcpp/rclcpp.hpp:144[m[K,
                 from [01m[K/home/andrew/ros2_dev_ws/src/uwrt_software_training/src/../include/software_training_assignment/clear_turtles_node.hpp:6[m[K,
                 from [01m[K/home/andrew/ros2_dev_ws/src/uwrt_software_training/src/clear_turtles_node.cpp:1[m[K:
[01m[K/usr/include/c++/9/bits/shared_ptr.h:193:2:[m[K [01;36m[Knote: [m[Kcandidate: â€˜[01m[Ktemplate<class _Yp, class _Deleter, class _Alloc, class> std::shared_ptr<_Tp>::shared_ptr(_Yp*, _Deleter, _Alloc)[m[Kâ€™
  193 |  [01;36m[Kshared_ptr[m[K(_Yp* __p, _Deleter __d, _Alloc __a)
      |  [01;36m[K^~~~~~~~~~[m[K
[01m[K/usr/include/c++/9/bits/shared_ptr.h:193:2:[m[K [01;36m[Knote: [m[K  template argument deduction/substitution failed:
In file included from [01m[K/usr/include/x86_64-linux-gnu/c++/9/bits/c++allocator.h:33[m[K,
                 from [01m[K/usr/include/c++/9/bits/allocator.h:46[m[K,
                 from [01m[K/usr/include/c++/9/memory:63[m[K,
                 from [01m[K/opt/ros/foxy/include/rclcpp/rclcpp.hpp:144[m[K,
                 from [01m[K/home/andrew/ros2_dev_ws/src/uwrt_software_training/src/../include/software_training_assignment/clear_turtles_node.hpp:6[m[K,
                 from [01m[K/home/andrew/ros2_dev_ws/src/uwrt_software_training/src/clear_turtles_node.cpp:1[m[K:
[01m[K/usr/include/c++/9/ext/new_allocator.h:146:4:[m[K [01;36m[Knote: [m[K  mismatched types â€˜[01m[K_Yp*[m[Kâ€™ and â€˜[01m[Kstd::__cxx11::basic_string<char>[m[Kâ€™
  146 |  { [01;36m[K::new((void *)__p) _Up(std::forward<_Args>(__args)...)[m[K; }
      |    [01;36m[K^~~~~~~~~~~~~~~~~~~~~~~~~~~~~~~~~~~~~~~~~~~~~~~~~~~~~~[m[K
In file included from [01m[K/usr/include/c++/9/memory:81[m[K,
                 from [01m[K/opt/ros/foxy/include/rclcpp/rclcpp.hpp:144[m[K,
                 from [01m[K/home/andrew/ros2_dev_ws/src/uwrt_software_training/src/../include/software_training_assignment/clear_turtles_node.hpp:6[m[K,
                 from [01m[K/home/andrew/ros2_dev_ws/src/uwrt_software_training/src/clear_turtles_node.cpp:1[m[K:
[01m[K/usr/include/c++/9/bits/shared_ptr.h:173:2:[m[K [01;36m[Knote: [m[Kcandidate: â€˜[01m[Ktemplate<class _Deleter> std::shared_ptr<_Tp>::shared_ptr(std::nullptr_t, _Deleter)[m[Kâ€™
  173 |  [01;36m[Kshared_ptr[m[K(nullptr_t __p, _Deleter __d)
      |  [01;36m[K^~~~~~~~~~[m[K
[01m[K/usr/include/c++/9/bits/shared_ptr.h:173:2:[m[K [01;36m[Knote: [m[K  template argument deduction/substitution failed:
In file included from [01m[K/usr/include/x86_64-linux-gnu/c++/9/bits/c++allocator.h:33[m[K,
                 from [01m[K/usr/include/c++/9/bits/allocator.h:46[m[K,
                 from [01m[K/usr/include/c++/9/memory:63[m[K,
                 from [01m[K/opt/ros/foxy/include/rclcpp/rclcpp.hpp:144[m[K,
                 from [01m[K/home/andrew/ros2_dev_ws/src/uwrt_software_training/src/../include/software_training_assignment/clear_turtles_node.hpp:6[m[K,
                 from [01m[K/home/andrew/ros2_dev_ws/src/uwrt_software_training/src/clear_turtles_node.cpp:1[m[K:
[01m[K/usr/include/c++/9/ext/new_allocator.h:146:4:[m[K [01;36m[Knote: [m[K  candidate expects 2 arguments, 1 provided
  146 |  { [01;36m[K::new((void *)__p) _Up(std::forward<_Args>(__args)...)[m[K; }
      |    [01;36m[K^~~~~~~~~~~~~~~~~~~~~~~~~~~~~~~~~~~~~~~~~~~~~~~~~~~~~~[m[K
In file included from [01m[K/usr/include/c++/9/memory:81[m[K,
                 from [01m[K/opt/ros/foxy/include/rclcpp/rclcpp.hpp:144[m[K,
                 from [01m[K/home/andrew/ros2_dev_ws/src/uwrt_software_training/src/../include/software_training_assignment/clear_turtles_node.hpp:6[m[K,
                 from [01m[K/home/andrew/ros2_dev_ws/src/uwrt_software_training/src/clear_turtles_node.cpp:1[m[K:
[01m[K/usr/include/c++/9/bits/shared_ptr.h:156:2:[m[K [01;36m[Knote: [m[Kcandidate: â€˜[01m[Ktemplate<class _Yp, class _Deleter, class> std::shared_ptr<_Tp>::shared_ptr(_Yp*, _Deleter)[m[Kâ€™
  156 |  [01;36m[Kshared_ptr[m[K(_Yp* __p, _Deleter __d)
      |  [01;36m[K^~~~~~~~~~[m[K
[01m[K/usr/include/c++/9/bits/shared_ptr.h:156:2:[m[K [01;36m[Knote: [m[K  template argument deduction/substitution failed:
In file included from [01m[K/usr/include/x86_64-linux-gnu/c++/9/bits/c++allocator.h:33[m[K,
                 from [01m[K/usr/include/c++/9/bits/allocator.h:46[m[K,
                 from [01m[K/usr/include/c++/9/memory:63[m[K,
                 from [01m[K/opt/ros/foxy/include/rclcpp/rclcpp.hpp:144[m[K,
                 from [01m[K/home/andrew/ros2_dev_ws/src/uwrt_software_training/src/../include/software_training_assignment/clear_turtles_node.hpp:6[m[K,
                 from [01m[K/home/andrew/ros2_dev_ws/src/uwrt_software_training/src/clear_turtles_node.cpp:1[m[K:
[01m[K/usr/include/c++/9/ext/new_allocator.h:146:4:[m[K [01;36m[Knote: [m[K  mismatched types â€˜[01m[K_Yp*[m[Kâ€™ and â€˜[01m[Kstd::__cxx11::basic_string<char>[m[Kâ€™
  146 |  { [01;36m[K::new((void *)__p) _Up(std::forward<_Args>(__args)...)[m[K; }
      |    [01;36m[K^~~~~~~~~~~~~~~~~~~~~~~~~~~~~~~~~~~~~~~~~~~~~~~~~~~~~~[m[K
In file included from [01m[K/usr/include/c++/9/memory:81[m[K,
                 from [01m[K/opt/ros/foxy/include/rclcpp/rclcpp.hpp:144[m[K,
                 from [01m[K/home/andrew/ros2_dev_ws/src/uwrt_software_training/src/../include/software_training_assignment/clear_turtles_node.hpp:6[m[K,
                 from [01m[K/home/andrew/ros2_dev_ws/src/uwrt_software_training/src/clear_turtles_node.cpp:1[m[K:
[01m[K/usr/include/c++/9/bits/shared_ptr.h:139:2:[m[K [01;36m[Knote: [m[Kcandidate: â€˜[01m[Ktemplate<class _Yp, class> std::shared_ptr<_Tp>::shared_ptr(_Yp*)[m[Kâ€™
  139 |  [01;36m[Kshared_ptr[m[K(_Yp* __p) : __shared_ptr<_Tp>(__p) { }
      |  [01;36m[K^~~~~~~~~~[m[K
[01m[K/usr/include/c++/9/bits/shared_ptr.h:139:2:[m[K [01;36m[Knote: [m[K  template argument deduction/substitution failed:
In file included from [01m[K/usr/include/x86_64-linux-gnu/c++/9/bits/c++allocator.h:33[m[K,
                 from [01m[K/usr/include/c++/9/bits/allocator.h:46[m[K,
                 from [01m[K/usr/include/c++/9/memory:63[m[K,
                 from [01m[K/opt/ros/foxy/include/rclcpp/rclcpp.hpp:144[m[K,
                 from [01m[K/home/andrew/ros2_dev_ws/src/uwrt_software_training/src/../include/software_training_assignment/clear_turtles_node.hpp:6[m[K,
                 from [01m[K/home/andrew/ros2_dev_ws/src/uwrt_software_training/src/clear_turtles_node.cpp:1[m[K:
[01m[K/usr/include/c++/9/ext/new_allocator.h:146:4:[m[K [01;36m[Knote: [m[K  mismatched types â€˜[01m[K_Yp*[m[Kâ€™ and â€˜[01m[Kstd::__cxx11::basic_string<char>[m[Kâ€™
  146 |  { [01;36m[K::new((void *)__p) _Up(std::forward<_Args>(__args)...)[m[K; }
      |    [01;36m[K^~~~~~~~~~~~~~~~~~~~~~~~~~~~~~~~~~~~~~~~~~~~~~~~~~~~~~[m[K
In file included from [01m[K/usr/include/c++/9/memory:81[m[K,
                 from [01m[K/opt/ros/foxy/include/rclcpp/rclcpp.hpp:144[m[K,
                 from [01m[K/home/andrew/ros2_dev_ws/src/uwrt_software_training/src/../include/software_training_assignment/clear_turtles_node.hpp:6[m[K,
                 from [01m[K/home/andrew/ros2_dev_ws/src/uwrt_software_training/src/clear_turtles_node.cpp:1[m[K:
[01m[K/usr/include/c++/9/bits/shared_ptr.h:129:7:[m[K [01;36m[Knote: [m[Kcandidate: â€˜[01m[Kstd::shared_ptr<_Tp>::shared_ptr(const std::shared_ptr<_Tp>&) [with _Tp = turtlesim::srv::Kill_Request_<std::allocator<void> >][m[Kâ€™
  129 |       [01;36m[Kshared_ptr[m[K(const shared_ptr&) noexcept = default;
      |       [01;36m[K^~~~~~~~~~[m[K
[01m[K/usr/include/c++/9/bits/shared_ptr.h:129:18:[m[K [01;36m[Knote: [m[K  no known conversion for argument 1 from â€˜[01m[Kstd::__cxx11::basic_string<char>[m[Kâ€™ to â€˜[01m[Kconst std::shared_ptr<turtlesim::srv::Kill_Request_<std::allocator<void> > >&[m[Kâ€™
  129 |       shared_ptr([01;36m[Kconst shared_ptr&[m[K) noexcept = default;
      |                  [01;36m[K^~~~~~~~~~~~~~~~~[m[K
[01m[K/usr/include/c++/9/bits/shared_ptr.h:127:17:[m[K [01;36m[Knote: [m[Kcandidate: â€˜[01m[Kconstexpr std::shared_ptr<_Tp>::shared_ptr() [with _Tp = turtlesim::srv::Kill_Request_<std::allocator<void> >][m[Kâ€™
  127 |       constexpr [01;36m[Kshared_ptr[m[K() noexcept : __shared_ptr<_Tp>() { }
      |                 [01;36m[K^~~~~~~~~~[m[K
[01m[K/usr/include/c++/9/bits/shared_ptr.h:127:17:[m[K [01;36m[Knote: [m[K  candidate expects 0 arguments, 1 provided
make[2]: *** [CMakeFiles/turtle_request.dir/build.make:63: CMakeFiles/turtle_request.dir/src/clear_turtles_node.cpp.o] Error 1
make[1]: *** [CMakeFiles/Makefile2:78: CMakeFiles/turtle_request.dir/all] Error 2
make: *** [Makefile:141: all] Error 2
